<?xml version="1.0" encoding="UTF-8"?>
<!-- Generated by org.testng.reporters.JUnitXMLReporter -->
<testsuite hostname="RAGHAVENDRA" ignored="0" name="Test" tests="6" failures="0" timestamp="10 Apr 2020 05:34:01 GMT" time="0.863" errors="0">
  <testcase name="feature" time="0.259" classname="cucumber.api.testng.AbstractTestNGCucumberTests"/>
  <testcase name="feature" time="0.101" classname="cucumber.api.testng.AbstractTestNGCucumberTests"/>
  <testcase name="feature" time="0.004" classname="cucumber.api.testng.AbstractTestNGCucumberTests"/>
  <testcase name="feature" time="0.008" classname="cucumber.api.testng.AbstractTestNGCucumberTests"/>
  <testcase name="feature" time="0.007" classname="cucumber.api.testng.AbstractTestNGCucumberTests"/>
  <testcase name="testA" time="0.0" classname="cucumberRunner.TestRunnerTestNG"/>
</testsuite> <!-- Test -->
