<?xml version="1.0" encoding="UTF-8"?>
<!-- Generated by org.testng.reporters.JUnitXMLReporter -->
<testsuite hostname="RAGHAVENDRA" ignored="0" name="Test1" tests="6" failures="0" timestamp="10 Apr 2020 05:34:01 GMT" time="0.823" errors="0">
  <testcase name="feature" time="0.254" classname="cucumber.api.testng.AbstractTestNGCucumberTests"/>
  <testcase name="feature" time="0.018" classname="cucumber.api.testng.AbstractTestNGCucumberTests"/>
  <testcase name="feature" time="0.01" classname="cucumber.api.testng.AbstractTestNGCucumberTests"/>
  <testcase name="feature" time="0.018" classname="cucumber.api.testng.AbstractTestNGCucumberTests"/>
  <testcase name="feature" time="0.024" classname="cucumber.api.testng.AbstractTestNGCucumberTests"/>
  <testcase name="testA" time="0.002" classname="cucumberRunner.TestRunnerTestNG"/>
</testsuite> <!-- Test1 -->
